[0m[1mmodule.control_bucket.random_id.bucket_suffix: Refreshing state... [id=0iY][0m
[0m[1mmodule.network[0].google_compute_network.hosting_vpc: Refreshing state... [id=projects/matthews-personal-project/global/networks/nagheye-network][0m
[0m[1mmodule.pubsub.google_pubsub_topic.topic[0]: Refreshing state... [id=projects/matthews-personal-project/topics/nagheye][0m
[0m[1mmodule.pubsub.data.google_project.project: Reading...[0m[0m
[0m[1mmodule.control_bucket.google_storage_bucket.buckets["storage"]: Refreshing state... [id=nagheye-europe-west4-storage][0m
[0m[1mmodule.service_account.google_service_account.service_accounts["fe-sa"]: Refreshing state... [id=projects/matthews-personal-project/serviceAccounts/nagheye-fe-sa@matthews-personal-project.iam.gserviceaccount.com][0m
[0m[1mnull_resource.uploader: Refreshing state... [id=5577006791947779410][0m
[0m[1mgoogle_storage_bucket_object.deployment_file[0]: Refreshing state... [id=nagheye-europe-west4-storage-webserver/deployment.tar.gz][0m
[0m[1mgoogle_storage_bucket_object.config_file: Refreshing state... [id=nagheye-europe-west4-storage-webserver/config][0m
[0m[1mmodule.pubsub.google_pubsub_subscription.pull_subscriptions[0]: Refreshing state... [id=projects/matthews-personal-project/subscriptions/nagheye-c2resp][0m
[0m[1mmodule.network[0].google_compute_firewall.allow_http_rule: Refreshing state... [id=projects/matthews-personal-project/global/firewalls/nagheye-allow-http][0m
[0m[1mmodule.network[0].google_compute_firewall.allow_ssh_rule: Refreshing state... [id=projects/matthews-personal-project/global/firewalls/nagheye-allow-ssh][0m
[0m[1mmodule.network[0].google_compute_firewall.allow_https_rule: Refreshing state... [id=projects/matthews-personal-project/global/firewalls/nagheye-allow-https][0m
[0m[1mmodule.network[0].google_compute_subnetwork.hosting_subnetwork: Refreshing state... [id=projects/matthews-personal-project/regions/europe-west4/subnetworks/nagheye-subnetwork][0m
[0m[1mmodule.service_account.google_project_iam_member.project-roles["fe-sa-matthews-personal-project=>roles/storage.objectAdmin"]: Refreshing state... [id=matthews-personal-project/roles/storage.objectAdmin/serviceAccount:nagheye-fe-sa@matthews-personal-project.iam.gserviceaccount.com][0m
[0m[1mmodule.control_bucket.google_storage_bucket_iam_binding.admins["storage"]: Refreshing state... [id=b/nagheye-europe-west4-storage/roles/storage.objectAdmin][0m
[0m[1mmodule.service_account.google_project_iam_member.project-roles["fe-sa-matthews-personal-project=>roles/cloudtrace.agent"]: Refreshing state... [id=matthews-personal-project/roles/cloudtrace.agent/serviceAccount:nagheye-fe-sa@matthews-personal-project.iam.gserviceaccount.com][0m
[0m[1mmodule.service_account.google_project_iam_member.project-roles["fe-sa-matthews-personal-project=>roles/logging.logWriter"]: Refreshing state... [id=matthews-personal-project/roles/logging.logWriter/serviceAccount:nagheye-fe-sa@matthews-personal-project.iam.gserviceaccount.com][0m
[0m[1mmodule.service_account.google_project_iam_member.project-roles["fe-sa-matthews-personal-project=>roles/monitoring.metricWriter"]: Refreshing state... [id=matthews-personal-project/roles/monitoring.metricWriter/serviceAccount:nagheye-fe-sa@matthews-personal-project.iam.gserviceaccount.com][0m
[0m[1mmodule.service_account.google_project_iam_member.project-roles["fe-sa-matthews-personal-project=>roles/pubsub.admin"]: Refreshing state... [id=matthews-personal-project/roles/pubsub.admin/serviceAccount:nagheye-fe-sa@matthews-personal-project.iam.gserviceaccount.com][0m
[0m[1mgoogle_compute_instance.server_vm: Refreshing state... [id=projects/matthews-personal-project/zones/europe-west4-a/instances/nagheye-server][0m
[0m[1mmodule.control_bucket.google_storage_bucket_iam_binding.storage_admins["storage"]: Refreshing state... [id=b/nagheye-europe-west4-storage/roles/storage.admin][0m
[0m[1mmodule.pubsub.data.google_project.project: Read complete after 2s [id=projects/matthews-personal-project][0m
[0m[1mmodule.pubsub.google_pubsub_subscription_iam_member.pull_subscription_binding[0]: Refreshing state... [id=projects/matthews-personal-project/subscriptions/nagheye-c2resp/roles/pubsub.subscriber/serviceAccount:service-837786017708@gcp-sa-pubsub.iam.gserviceaccount.com][0m
[0m[1mmodule.pubsub.google_pubsub_topic_iam_member.pull_topic_binding[0]: Refreshing state... [id=projects/matthews-personal-project/topics/nagheye/roles/pubsub.publisher/serviceAccount:service-837786017708@gcp-sa-pubsub.iam.gserviceaccount.com][0m

Terraform used the selected providers to generate the following execution
plan. Resource actions are indicated with the following symbols:
  [31m-[0m destroy
[0m
Terraform will perform the following actions:

[1m  # google_compute_instance.server_vm[0m will be [1m[31mdestroyed[0m[0m
[0m  [31m-[0m[0m resource "google_compute_instance" "server_vm" {
      [31m-[0m [0m[1m[0mcan_ip_forward[0m[0m       = false [90m->[0m [0m[90mnull[0m[0m
      [31m-[0m [0m[1m[0mcpu_platform[0m[0m         = "AMD Rome" [90m->[0m [0m[90mnull[0m[0m
      [31m-[0m [0m[1m[0mcurrent_status[0m[0m       = "RUNNING" [90m->[0m [0m[90mnull[0m[0m
      [31m-[0m [0m[1m[0mdeletion_protection[0m[0m  = false [90m->[0m [0m[90mnull[0m[0m
      [31m-[0m [0m[1m[0menable_display[0m[0m       = false [90m->[0m [0m[90mnull[0m[0m
      [31m-[0m [0m[1m[0mguest_accelerator[0m[0m    = [] [90m->[0m [0m[90mnull[0m[0m
      [31m-[0m [0m[1m[0mid[0m[0m                   = "projects/matthews-personal-project/zones/europe-west4-a/instances/nagheye-server" [90m->[0m [0m[90mnull[0m[0m
      [31m-[0m [0m[1m[0minstance_id[0m[0m          = "5997398030721050469" [90m->[0m [0m[90mnull[0m[0m
      [31m-[0m [0m[1m[0mlabel_fingerprint[0m[0m    = "ZH_D5UjBZZE=" [90m->[0m [0m[90mnull[0m[0m
      [31m-[0m [0m[1m[0mlabels[0m[0m               = {
          [31m-[0m [0m"creator"   = "matthew"
          [31m-[0m [0m"ghpcfe_id" = "nagheye"
        } [90m->[0m [0m[90mnull[0m[0m
      [31m-[0m [0m[1m[0mmachine_type[0m[0m         = "e2-standard-2" [90m->[0m [0m[90mnull[0m[0m
      [31m-[0m [0m[1m[0mmetadata[0m[0m             = {
          [31m-[0m [0m"deploy_mode"             = "tarball"
          [31m-[0m [0m"ghpcfe-c2-topic"         = "nagheye"
          [31m-[0m [0m"hostname"                = ""
          [31m-[0m [0m"ssh-keys"                = <<-EOT
                matthew_street:ecdsa-sha2-nistp256 AAAAE2VjZHNhLXNoYTItbmlzdHAyNTYAAAAIbmlzdHAyNTYAAABBBKENdD1pS77AP249mbdGXzoGzd586T2/S9Ropi3oFBdhA5IAdMN9CB8Fi+lV9vZ0DlVc0f1aFVmxPG5rTcAeNrg= google-ssh {"userName":"matthew.street@nag.co.uk","expireOn":"2022-11-10T11:17:53+0000"}
                matthew_street:ssh-rsa AAAAB3NzaC1yc2EAAAADAQABAAABAQCXHJ0rC8DmurNT7zaLFMHua36/1T4IWOm3APnDUWOJDbGyIxkOnFj0R4SFOtjiRXFVYbq9zxpSMwSb4U+gZOJuwTLXmnt1oE89jNSRPff/meTKEv2RnUB+Ea8BGGRxydIDYxEFQk/IO4xbe4r0o9aRJUVyxmezF/IJZHbkpC/ykdspovv/5HEU01OFkemb+YcY3/CMWqmotvFasGV1mlQFItxyEj3EApLB345bnO9BRdvSSylgbRZ7hc+k+vGJLWA9372qZLPH2miMxTF7qC0l8tGid7GllI553uEFhKdmifB9QkayNRctKzblxxIThNrTBn/CheYKjsRCfwl4aYav google-ssh {"userName":"matthew.street@nag.co.uk","expireOn":"2022-11-10T11:18:08+0000"}
            EOT
          [31m-[0m [0m"startup-script-url"      = "gs://nagheye-europe-west4-storage/webserver/startup.sh"
          [31m-[0m [0m"webserver-config-bucket" = "nagheye-europe-west4-storage"
        } [90m->[0m [0m[90mnull[0m[0m
      [31m-[0m [0m[1m[0mmetadata_fingerprint[0m[0m = "yrveCzueKes=" [90m->[0m [0m[90mnull[0m[0m
      [31m-[0m [0m[1m[0mname[0m[0m                 = "nagheye-server" [90m->[0m [0m[90mnull[0m[0m
      [31m-[0m [0m[1m[0mproject[0m[0m              = "matthews-personal-project" [90m->[0m [0m[90mnull[0m[0m
      [31m-[0m [0m[1m[0mresource_policies[0m[0m    = [] [90m->[0m [0m[90mnull[0m[0m
      [31m-[0m [0m[1m[0mself_link[0m[0m            = "https://www.googleapis.com/compute/v1/projects/matthews-personal-project/zones/europe-west4-a/instances/nagheye-server" [90m->[0m [0m[90mnull[0m[0m
      [31m-[0m [0m[1m[0mtags[0m[0m                 = [
          [31m-[0m [0m"http-server",
          [31m-[0m [0m"https-server",
          [31m-[0m [0m"ssh-server",
        ] [90m->[0m [0m[90mnull[0m[0m
      [31m-[0m [0m[1m[0mtags_fingerprint[0m[0m     = "nBrWn2vdQv8=" [90m->[0m [0m[90mnull[0m[0m
      [31m-[0m [0m[1m[0mzone[0m[0m                 = "europe-west4-a" [90m->[0m [0m[90mnull[0m[0m

      [31m-[0m [0mboot_disk {
          [31m-[0m [0m[1m[0mauto_delete[0m[0m = true [90m->[0m [0m[90mnull[0m[0m
          [31m-[0m [0m[1m[0mdevice_name[0m[0m = "persistent-disk-0" [90m->[0m [0m[90mnull[0m[0m
          [31m-[0m [0m[1m[0mmode[0m[0m        = "READ_WRITE" [90m->[0m [0m[90mnull[0m[0m
          [31m-[0m [0m[1m[0msource[0m[0m      = "https://www.googleapis.com/compute/v1/projects/matthews-personal-project/zones/europe-west4-a/disks/nagheye-server" [90m->[0m [0m[90mnull[0m[0m

          [31m-[0m [0minitialize_params {
              [31m-[0m [0m[1m[0mimage[0m[0m  = "https://www.googleapis.com/compute/v1/projects/rocky-linux-cloud/global/images/rocky-linux-8-v20220126" [90m->[0m [0m[90mnull[0m[0m
              [31m-[0m [0m[1m[0mlabels[0m[0m = {} [90m->[0m [0m[90mnull[0m[0m
              [31m-[0m [0m[1m[0msize[0m[0m   = 30 [90m->[0m [0m[90mnull[0m[0m
              [31m-[0m [0m[1m[0mtype[0m[0m   = "pd-ssd" [90m->[0m [0m[90mnull[0m[0m
            }
        }

      [31m-[0m [0mnetwork_interface {
          [31m-[0m [0m[1m[0mname[0m[0m               = "nic0" [90m->[0m [0m[90mnull[0m[0m
          [31m-[0m [0m[1m[0mnetwork[0m[0m            = "https://www.googleapis.com/compute/v1/projects/matthews-personal-project/global/networks/nagheye-network" [90m->[0m [0m[90mnull[0m[0m
          [31m-[0m [0m[1m[0mnetwork_ip[0m[0m         = "10.2.0.2" [90m->[0m [0m[90mnull[0m[0m
          [31m-[0m [0m[1m[0mstack_type[0m[0m         = "IPV4_ONLY" [90m->[0m [0m[90mnull[0m[0m
          [31m-[0m [0m[1m[0msubnetwork[0m[0m         = "https://www.googleapis.com/compute/v1/projects/matthews-personal-project/regions/europe-west4/subnetworks/nagheye-subnetwork" [90m->[0m [0m[90mnull[0m[0m
          [31m-[0m [0m[1m[0msubnetwork_project[0m[0m = "matthews-personal-project" [90m->[0m [0m[90mnull[0m[0m

          [31m-[0m [0maccess_config {
              [31m-[0m [0m[1m[0mnat_ip[0m[0m       = "34.141.236.98" [90m->[0m [0m[90mnull[0m[0m
              [31m-[0m [0m[1m[0mnetwork_tier[0m[0m = "PREMIUM" [90m->[0m [0m[90mnull[0m[0m
            }
        }

      [31m-[0m [0mscheduling {
          [31m-[0m [0m[1m[0mautomatic_restart[0m[0m   = true [90m->[0m [0m[90mnull[0m[0m
          [31m-[0m [0m[1m[0mmin_node_cpus[0m[0m       = 0 [90m->[0m [0m[90mnull[0m[0m
          [31m-[0m [0m[1m[0mon_host_maintenance[0m[0m = "MIGRATE" [90m->[0m [0m[90mnull[0m[0m
          [31m-[0m [0m[1m[0mpreemptible[0m[0m         = false [90m->[0m [0m[90mnull[0m[0m
        }

      [31m-[0m [0mservice_account {
          [31m-[0m [0m[1m[0memail[0m[0m  = "nagheye-fe-sa@matthews-personal-project.iam.gserviceaccount.com" [90m->[0m [0m[90mnull[0m[0m
          [31m-[0m [0m[1m[0mscopes[0m[0m = [
              [31m-[0m [0m"https://www.googleapis.com/auth/devstorage.full_control",
              [31m-[0m [0m"https://www.googleapis.com/auth/logging.write",
              [31m-[0m [0m"https://www.googleapis.com/auth/monitoring.write",
              [31m-[0m [0m"https://www.googleapis.com/auth/pubsub",
              [31m-[0m [0m"https://www.googleapis.com/auth/service.management.readonly",
              [31m-[0m [0m"https://www.googleapis.com/auth/servicecontrol",
              [31m-[0m [0m"https://www.googleapis.com/auth/trace.append",
            ] [90m->[0m [0m[90mnull[0m[0m
        }

      [31m-[0m [0mshielded_instance_config {
          [31m-[0m [0m[1m[0menable_integrity_monitoring[0m[0m = true [90m->[0m [0m[90mnull[0m[0m
          [31m-[0m [0m[1m[0menable_secure_boot[0m[0m          = false [90m->[0m [0m[90mnull[0m[0m
          [31m-[0m [0m[1m[0menable_vtpm[0m[0m                 = true [90m->[0m [0m[90mnull[0m[0m
        }
    }

[1m  # google_storage_bucket_object.deployment_file[0][0m will be [1m[31mdestroyed[0m[0m
[0m  [31m-[0m[0m resource "google_storage_bucket_object" "deployment_file" {
      [31m-[0m [0m[1m[0mbucket[0m[0m           = "nagheye-europe-west4-storage" [90m->[0m [0m[90mnull[0m[0m
      [31m-[0m [0m[1m[0mcontent_type[0m[0m     = "application/x-gzip" [90m->[0m [0m[90mnull[0m[0m
      [31m-[0m [0m[1m[0mcrc32c[0m[0m           = "0/D4Cg==" [90m->[0m [0m[90mnull[0m[0m
      [31m-[0m [0m[1m[0mdetect_md5hash[0m[0m   = "Jww0tAW2uCb0uWrqTqbZ0w==" [90m->[0m [0m[90mnull[0m[0m
      [31m-[0m [0m[1m[0mevent_based_hold[0m[0m = false [90m->[0m [0m[90mnull[0m[0m
      [31m-[0m [0m[1m[0mid[0m[0m               = "nagheye-europe-west4-storage-webserver/deployment.tar.gz" [90m->[0m [0m[90mnull[0m[0m
      [31m-[0m [0m[1m[0mmd5hash[0m[0m          = "Jww0tAW2uCb0uWrqTqbZ0w==" [90m->[0m [0m[90mnull[0m[0m
      [31m-[0m [0m[1m[0mmedia_link[0m[0m       = "https://storage.googleapis.com/download/storage/v1/b/nagheye-europe-west4-storage/o/webserver%2Fdeployment.tar.gz?generation=1668077943616694&alt=media" [90m->[0m [0m[90mnull[0m[0m
      [31m-[0m [0m[1m[0mmetadata[0m[0m         = {} [90m->[0m [0m[90mnull[0m[0m
      [31m-[0m [0m[1m[0mname[0m[0m             = "webserver/deployment.tar.gz" [90m->[0m [0m[90mnull[0m[0m
      [31m-[0m [0m[1m[0moutput_name[0m[0m      = "webserver/deployment.tar.gz" [90m->[0m [0m[90mnull[0m[0m
      [31m-[0m [0m[1m[0mself_link[0m[0m        = "https://www.googleapis.com/storage/v1/b/nagheye-europe-west4-storage/o/webserver%2Fdeployment.tar.gz" [90m->[0m [0m[90mnull[0m[0m
      [31m-[0m [0m[1m[0msource[0m[0m           = "deployment.tar.gz" [90m->[0m [0m[90mnull[0m[0m
      [31m-[0m [0m[1m[0mstorage_class[0m[0m    = "STANDARD" [90m->[0m [0m[90mnull[0m[0m
      [31m-[0m [0m[1m[0mtemporary_hold[0m[0m   = false [90m->[0m [0m[90mnull[0m[0m
    }

[1m  # null_resource.uploader[0m will be [1m[31mdestroyed[0m[0m
[0m  [31m-[0m[0m resource "null_resource" "uploader" {
      [31m-[0m [0m[1m[0mid[0m[0m = "5577006791947779410" [90m->[0m [0m[90mnull[0m[0m
    }

[1m  # module.control_bucket.google_storage_bucket.buckets["storage"][0m will be [1m[31mdestroyed[0m[0m
[0m  [31m-[0m[0m resource "google_storage_bucket" "buckets" {
      [31m-[0m [0m[1m[0mbucket_policy_only[0m[0m          = true [90m->[0m [0m[90mnull[0m[0m
      [31m-[0m [0m[1m[0mdefault_event_based_hold[0m[0m    = false [90m->[0m [0m[90mnull[0m[0m
      [31m-[0m [0m[1m[0mforce_destroy[0m[0m               = true [90m->[0m [0m[90mnull[0m[0m
      [31m-[0m [0m[1m[0mid[0m[0m                          = "nagheye-europe-west4-storage" [90m->[0m [0m[90mnull[0m[0m
      [31m-[0m [0m[1m[0mlabels[0m[0m                      = {
          [31m-[0m [0m"creator"   = "matthew"
          [31m-[0m [0m"ghpcfe_id" = "nagheye"
          [31m-[0m [0m"name"      = "nagheye-europe-west4-storage"
        } [90m->[0m [0m[90mnull[0m[0m
      [31m-[0m [0m[1m[0mlocation[0m[0m                    = "EUROPE-WEST4" [90m->[0m [0m[90mnull[0m[0m
      [31m-[0m [0m[1m[0mname[0m[0m                        = "nagheye-europe-west4-storage" [90m->[0m [0m[90mnull[0m[0m
      [31m-[0m [0m[1m[0mproject[0m[0m                     = "matthews-personal-project" [90m->[0m [0m[90mnull[0m[0m
      [31m-[0m [0m[1m[0mrequester_pays[0m[0m              = false [90m->[0m [0m[90mnull[0m[0m
      [31m-[0m [0m[1m[0mself_link[0m[0m                   = "https://www.googleapis.com/storage/v1/b/nagheye-europe-west4-storage" [90m->[0m [0m[90mnull[0m[0m
      [31m-[0m [0m[1m[0mstorage_class[0m[0m               = "STANDARD" [90m->[0m [0m[90mnull[0m[0m
      [31m-[0m [0m[1m[0muniform_bucket_level_access[0m[0m = true [90m->[0m [0m[90mnull[0m[0m
      [31m-[0m [0m[1m[0murl[0m[0m                         = "gs://nagheye-europe-west4-storage" [90m->[0m [0m[90mnull[0m[0m

      [31m-[0m [0mversioning {
          [31m-[0m [0m[1m[0menabled[0m[0m = false [90m->[0m [0m[90mnull[0m[0m
        }
    }

[1m  # module.control_bucket.google_storage_bucket_iam_binding.admins["storage"][0m will be [1m[31mdestroyed[0m[0m
[0m  [31m-[0m[0m resource "google_storage_bucket_iam_binding" "admins" {
      [31m-[0m [0m[1m[0mbucket[0m[0m  = "b/nagheye-europe-west4-storage" [90m->[0m [0m[90mnull[0m[0m
      [31m-[0m [0m[1m[0metag[0m[0m    = "CAQ=" [90m->[0m [0m[90mnull[0m[0m
      [31m-[0m [0m[1m[0mid[0m[0m      = "b/nagheye-europe-west4-storage/roles/storage.objectAdmin" [90m->[0m [0m[90mnull[0m[0m
      [31m-[0m [0m[1m[0mmembers[0m[0m = [
          [31m-[0m [0m"deleted:serviceAccount:cluster3-fc926b3d-sa@matthews-personal-project.iam.gserviceaccount.com?uid=108356298318548454593",
          [31m-[0m [0m"serviceAccount:nagheye-fe-sa@matthews-personal-project.iam.gserviceaccount.com",
        ] [90m->[0m [0m[90mnull[0m[0m
      [31m-[0m [0m[1m[0mrole[0m[0m    = "roles/storage.objectAdmin" [90m->[0m [0m[90mnull[0m[0m
    }

[1m  # module.control_bucket.google_storage_bucket_iam_binding.storage_admins["storage"][0m will be [1m[31mdestroyed[0m[0m
[0m  [31m-[0m[0m resource "google_storage_bucket_iam_binding" "storage_admins" {
      [31m-[0m [0m[1m[0mbucket[0m[0m  = "b/nagheye-europe-west4-storage" [90m->[0m [0m[90mnull[0m[0m
      [31m-[0m [0m[1m[0metag[0m[0m    = "CAQ=" [90m->[0m [0m[90mnull[0m[0m
      [31m-[0m [0m[1m[0mid[0m[0m      = "b/nagheye-europe-west4-storage/roles/storage.admin" [90m->[0m [0m[90mnull[0m[0m
      [31m-[0m [0m[1m[0mmembers[0m[0m = [
          [31m-[0m [0m"serviceAccount:nagheye-fe-sa@matthews-personal-project.iam.gserviceaccount.com",
        ] [90m->[0m [0m[90mnull[0m[0m
      [31m-[0m [0m[1m[0mrole[0m[0m    = "roles/storage.admin" [90m->[0m [0m[90mnull[0m[0m
    }

[1m  # module.control_bucket.random_id.bucket_suffix[0m will be [1m[31mdestroyed[0m[0m
[0m  [31m-[0m[0m resource "random_id" "bucket_suffix" {
      [31m-[0m [0m[1m[0mb64_std[0m[0m     = "0iY=" [90m->[0m [0m[90mnull[0m[0m
      [31m-[0m [0m[1m[0mb64_url[0m[0m     = "0iY" [90m->[0m [0m[90mnull[0m[0m
      [31m-[0m [0m[1m[0mbyte_length[0m[0m = 2 [90m->[0m [0m[90mnull[0m[0m
      [31m-[0m [0m[1m[0mdec[0m[0m         = "53798" [90m->[0m [0m[90mnull[0m[0m
      [31m-[0m [0m[1m[0mhex[0m[0m         = "d226" [90m->[0m [0m[90mnull[0m[0m
      [31m-[0m [0m[1m[0mid[0m[0m          = "0iY" [90m->[0m [0m[90mnull[0m[0m
    }

[1m  # module.network[0].google_compute_firewall.allow_http_rule[0m will be [1m[31mdestroyed[0m[0m
[0m  [31m-[0m[0m resource "google_compute_firewall" "allow_http_rule" {
      [31m-[0m [0m[1m[0mcreation_timestamp[0m[0m      = "2022-11-10T02:59:00.034-08:00" [90m->[0m [0m[90mnull[0m[0m
      [31m-[0m [0m[1m[0mdestination_ranges[0m[0m      = [] [90m->[0m [0m[90mnull[0m[0m
      [31m-[0m [0m[1m[0mdirection[0m[0m               = "INGRESS" [90m->[0m [0m[90mnull[0m[0m
      [31m-[0m [0m[1m[0mdisabled[0m[0m                = false [90m->[0m [0m[90mnull[0m[0m
      [31m-[0m [0m[1m[0mid[0m[0m                      = "projects/matthews-personal-project/global/firewalls/nagheye-allow-http" [90m->[0m [0m[90mnull[0m[0m
      [31m-[0m [0m[1m[0mname[0m[0m                    = "nagheye-allow-http" [90m->[0m [0m[90mnull[0m[0m
      [31m-[0m [0m[1m[0mnetwork[0m[0m                 = "https://www.googleapis.com/compute/v1/projects/matthews-personal-project/global/networks/nagheye-network" [90m->[0m [0m[90mnull[0m[0m
      [31m-[0m [0m[1m[0mpriority[0m[0m                = 1000 [90m->[0m [0m[90mnull[0m[0m
      [31m-[0m [0m[1m[0mproject[0m[0m                 = "matthews-personal-project" [90m->[0m [0m[90mnull[0m[0m
      [31m-[0m [0m[1m[0mself_link[0m[0m               = "https://www.googleapis.com/compute/v1/projects/matthews-personal-project/global/firewalls/nagheye-allow-http" [90m->[0m [0m[90mnull[0m[0m
      [31m-[0m [0m[1m[0msource_ranges[0m[0m           = [
          [31m-[0m [0m"0.0.0.0/0",
        ] [90m->[0m [0m[90mnull[0m[0m
      [31m-[0m [0m[1m[0msource_service_accounts[0m[0m = [] [90m->[0m [0m[90mnull[0m[0m
      [31m-[0m [0m[1m[0msource_tags[0m[0m             = [
          [31m-[0m [0m"http-server",
        ] [90m->[0m [0m[90mnull[0m[0m
      [31m-[0m [0m[1m[0mtarget_service_accounts[0m[0m = [] [90m->[0m [0m[90mnull[0m[0m
      [31m-[0m [0m[1m[0mtarget_tags[0m[0m             = [] [90m->[0m [0m[90mnull[0m[0m

      [31m-[0m [0mallow {
          [31m-[0m [0m[1m[0mports[0m[0m    = [
              [31m-[0m [0m"80",
            ] [90m->[0m [0m[90mnull[0m[0m
          [31m-[0m [0m[1m[0mprotocol[0m[0m = "tcp" [90m->[0m [0m[90mnull[0m[0m
        }
    }

[1m  # module.network[0].google_compute_firewall.allow_https_rule[0m will be [1m[31mdestroyed[0m[0m
[0m  [31m-[0m[0m resource "google_compute_firewall" "allow_https_rule" {
      [31m-[0m [0m[1m[0mcreation_timestamp[0m[0m      = "2022-11-10T02:58:59.946-08:00" [90m->[0m [0m[90mnull[0m[0m
      [31m-[0m [0m[1m[0mdestination_ranges[0m[0m      = [] [90m->[0m [0m[90mnull[0m[0m
      [31m-[0m [0m[1m[0mdirection[0m[0m               = "INGRESS" [90m->[0m [0m[90mnull[0m[0m
      [31m-[0m [0m[1m[0mdisabled[0m[0m                = false [90m->[0m [0m[90mnull[0m[0m
      [31m-[0m [0m[1m[0mid[0m[0m                      = "projects/matthews-personal-project/global/firewalls/nagheye-allow-https" [90m->[0m [0m[90mnull[0m[0m
      [31m-[0m [0m[1m[0mname[0m[0m                    = "nagheye-allow-https" [90m->[0m [0m[90mnull[0m[0m
      [31m-[0m [0m[1m[0mnetwork[0m[0m                 = "https://www.googleapis.com/compute/v1/projects/matthews-personal-project/global/networks/nagheye-network" [90m->[0m [0m[90mnull[0m[0m
      [31m-[0m [0m[1m[0mpriority[0m[0m                = 1000 [90m->[0m [0m[90mnull[0m[0m
      [31m-[0m [0m[1m[0mproject[0m[0m                 = "matthews-personal-project" [90m->[0m [0m[90mnull[0m[0m
      [31m-[0m [0m[1m[0mself_link[0m[0m               = "https://www.googleapis.com/compute/v1/projects/matthews-personal-project/global/firewalls/nagheye-allow-https" [90m->[0m [0m[90mnull[0m[0m
      [31m-[0m [0m[1m[0msource_ranges[0m[0m           = [
          [31m-[0m [0m"0.0.0.0/0",
        ] [90m->[0m [0m[90mnull[0m[0m
      [31m-[0m [0m[1m[0msource_service_accounts[0m[0m = [] [90m->[0m [0m[90mnull[0m[0m
      [31m-[0m [0m[1m[0msource_tags[0m[0m             = [
          [31m-[0m [0m"https-server",
        ] [90m->[0m [0m[90mnull[0m[0m
      [31m-[0m [0m[1m[0mtarget_service_accounts[0m[0m = [] [90m->[0m [0m[90mnull[0m[0m
      [31m-[0m [0m[1m[0mtarget_tags[0m[0m             = [] [90m->[0m [0m[90mnull[0m[0m

      [31m-[0m [0mallow {
          [31m-[0m [0m[1m[0mports[0m[0m    = [
              [31m-[0m [0m"443",
            ] [90m->[0m [0m[90mnull[0m[0m
          [31m-[0m [0m[1m[0mprotocol[0m[0m = "tcp" [90m->[0m [0m[90mnull[0m[0m
        }
    }

[1m  # module.network[0].google_compute_firewall.allow_ssh_rule[0m will be [1m[31mdestroyed[0m[0m
[0m  [31m-[0m[0m resource "google_compute_firewall" "allow_ssh_rule" {
      [31m-[0m [0m[1m[0mcreation_timestamp[0m[0m      = "2022-11-10T02:58:59.948-08:00" [90m->[0m [0m[90mnull[0m[0m
      [31m-[0m [0m[1m[0mdestination_ranges[0m[0m      = [] [90m->[0m [0m[90mnull[0m[0m
      [31m-[0m [0m[1m[0mdirection[0m[0m               = "INGRESS" [90m->[0m [0m[90mnull[0m[0m
      [31m-[0m [0m[1m[0mdisabled[0m[0m                = false [90m->[0m [0m[90mnull[0m[0m
      [31m-[0m [0m[1m[0mid[0m[0m                      = "projects/matthews-personal-project/global/firewalls/nagheye-allow-ssh" [90m->[0m [0m[90mnull[0m[0m
      [31m-[0m [0m[1m[0mname[0m[0m                    = "nagheye-allow-ssh" [90m->[0m [0m[90mnull[0m[0m
      [31m-[0m [0m[1m[0mnetwork[0m[0m                 = "https://www.googleapis.com/compute/v1/projects/matthews-personal-project/global/networks/nagheye-network" [90m->[0m [0m[90mnull[0m[0m
      [31m-[0m [0m[1m[0mpriority[0m[0m                = 1000 [90m->[0m [0m[90mnull[0m[0m
      [31m-[0m [0m[1m[0mproject[0m[0m                 = "matthews-personal-project" [90m->[0m [0m[90mnull[0m[0m
      [31m-[0m [0m[1m[0mself_link[0m[0m               = "https://www.googleapis.com/compute/v1/projects/matthews-personal-project/global/firewalls/nagheye-allow-ssh" [90m->[0m [0m[90mnull[0m[0m
      [31m-[0m [0m[1m[0msource_ranges[0m[0m           = [
          [31m-[0m [0m"0.0.0.0/0",
        ] [90m->[0m [0m[90mnull[0m[0m
      [31m-[0m [0m[1m[0msource_service_accounts[0m[0m = [] [90m->[0m [0m[90mnull[0m[0m
      [31m-[0m [0m[1m[0msource_tags[0m[0m             = [
          [31m-[0m [0m"ssh-server",
        ] [90m->[0m [0m[90mnull[0m[0m
      [31m-[0m [0m[1m[0mtarget_service_accounts[0m[0m = [] [90m->[0m [0m[90mnull[0m[0m
      [31m-[0m [0m[1m[0mtarget_tags[0m[0m             = [] [90m->[0m [0m[90mnull[0m[0m

      [31m-[0m [0mallow {
          [31m-[0m [0m[1m[0mports[0m[0m    = [
              [31m-[0m [0m"22",
            ] [90m->[0m [0m[90mnull[0m[0m
          [31m-[0m [0m[1m[0mprotocol[0m[0m = "tcp" [90m->[0m [0m[90mnull[0m[0m
        }
    }

[1m  # module.network[0].google_compute_network.hosting_vpc[0m will be [1m[31mdestroyed[0m[0m
[0m  [31m-[0m[0m resource "google_compute_network" "hosting_vpc" {
      [31m-[0m [0m[1m[0mauto_create_subnetworks[0m[0m         = false [90m->[0m [0m[90mnull[0m[0m
      [31m-[0m [0m[1m[0mdelete_default_routes_on_create[0m[0m = false [90m->[0m [0m[90mnull[0m[0m
      [31m-[0m [0m[1m[0mid[0m[0m                              = "projects/matthews-personal-project/global/networks/nagheye-network" [90m->[0m [0m[90mnull[0m[0m
      [31m-[0m [0m[1m[0mmtu[0m[0m                             = 0 [90m->[0m [0m[90mnull[0m[0m
      [31m-[0m [0m[1m[0mname[0m[0m                            = "nagheye-network" [90m->[0m [0m[90mnull[0m[0m
      [31m-[0m [0m[1m[0mproject[0m[0m                         = "matthews-personal-project" [90m->[0m [0m[90mnull[0m[0m
      [31m-[0m [0m[1m[0mrouting_mode[0m[0m                    = "REGIONAL" [90m->[0m [0m[90mnull[0m[0m
      [31m-[0m [0m[1m[0mself_link[0m[0m                       = "https://www.googleapis.com/compute/v1/projects/matthews-personal-project/global/networks/nagheye-network" [90m->[0m [0m[90mnull[0m[0m
    }

[1m  # module.network[0].google_compute_subnetwork.hosting_subnetwork[0m will be [1m[31mdestroyed[0m[0m
[0m  [31m-[0m[0m resource "google_compute_subnetwork" "hosting_subnetwork" {
      [31m-[0m [0m[1m[0mcreation_timestamp[0m[0m         = "2022-11-10T02:59:00.807-08:00" [90m->[0m [0m[90mnull[0m[0m
      [31m-[0m [0m[1m[0mgateway_address[0m[0m            = "10.2.0.1" [90m->[0m [0m[90mnull[0m[0m
      [31m-[0m [0m[1m[0mid[0m[0m                         = "projects/matthews-personal-project/regions/europe-west4/subnetworks/nagheye-subnetwork" [90m->[0m [0m[90mnull[0m[0m
      [31m-[0m [0m[1m[0mip_cidr_range[0m[0m              = "10.2.0.0/28" [90m->[0m [0m[90mnull[0m[0m
      [31m-[0m [0m[1m[0mname[0m[0m                       = "nagheye-subnetwork" [90m->[0m [0m[90mnull[0m[0m
      [31m-[0m [0m[1m[0mnetwork[0m[0m                    = "https://www.googleapis.com/compute/v1/projects/matthews-personal-project/global/networks/nagheye-network" [90m->[0m [0m[90mnull[0m[0m
      [31m-[0m [0m[1m[0mprivate_ip_google_access[0m[0m   = false [90m->[0m [0m[90mnull[0m[0m
      [31m-[0m [0m[1m[0mprivate_ipv6_google_access[0m[0m = "DISABLE_GOOGLE_ACCESS" [90m->[0m [0m[90mnull[0m[0m
      [31m-[0m [0m[1m[0mproject[0m[0m                    = "matthews-personal-project" [90m->[0m [0m[90mnull[0m[0m
      [31m-[0m [0m[1m[0mpurpose[0m[0m                    = "PRIVATE" [90m->[0m [0m[90mnull[0m[0m
      [31m-[0m [0m[1m[0mregion[0m[0m                     = "europe-west4" [90m->[0m [0m[90mnull[0m[0m
      [31m-[0m [0m[1m[0msecondary_ip_range[0m[0m         = [] [90m->[0m [0m[90mnull[0m[0m
      [31m-[0m [0m[1m[0mself_link[0m[0m                  = "https://www.googleapis.com/compute/v1/projects/matthews-personal-project/regions/europe-west4/subnetworks/nagheye-subnetwork" [90m->[0m [0m[90mnull[0m[0m
      [31m-[0m [0m[1m[0mstack_type[0m[0m                 = "IPV4_ONLY" [90m->[0m [0m[90mnull[0m[0m
    }

[1m  # module.pubsub.google_pubsub_subscription.pull_subscriptions[0][0m will be [1m[31mdestroyed[0m[0m
[0m  [31m-[0m[0m resource "google_pubsub_subscription" "pull_subscriptions" {
      [31m-[0m [0m[1m[0mack_deadline_seconds[0m[0m       = 10 [90m->[0m [0m[90mnull[0m[0m
      [31m-[0m [0m[1m[0menable_message_ordering[0m[0m    = false [90m->[0m [0m[90mnull[0m[0m
      [31m-[0m [0m[1m[0mfilter[0m[0m                     = "NOT attributes:target" [90m->[0m [0m[90mnull[0m[0m
      [31m-[0m [0m[1m[0mid[0m[0m                         = "projects/matthews-personal-project/subscriptions/nagheye-c2resp" [90m->[0m [0m[90mnull[0m[0m
      [31m-[0m [0m[1m[0mlabels[0m[0m                     = {
          [31m-[0m [0m"creator"   = "matthew"
          [31m-[0m [0m"ghpcfe_id" = "nagheye"
        } [90m->[0m [0m[90mnull[0m[0m
      [31m-[0m [0m[1m[0mmessage_retention_duration[0m[0m = "604800s" [90m->[0m [0m[90mnull[0m[0m
      [31m-[0m [0m[1m[0mname[0m[0m                       = "nagheye-c2resp" [90m->[0m [0m[90mnull[0m[0m
      [31m-[0m [0m[1m[0mpath[0m[0m                       = "projects/matthews-personal-project/subscriptions/nagheye-c2resp" [90m->[0m [0m[90mnull[0m[0m
      [31m-[0m [0m[1m[0mproject[0m[0m                    = "matthews-personal-project" [90m->[0m [0m[90mnull[0m[0m
      [31m-[0m [0m[1m[0mretain_acked_messages[0m[0m      = false [90m->[0m [0m[90mnull[0m[0m
      [31m-[0m [0m[1m[0mtopic[0m[0m                      = "projects/matthews-personal-project/topics/nagheye" [90m->[0m [0m[90mnull[0m[0m

      [31m-[0m [0mexpiration_policy {
          [31m-[0m [0m[1m[0mttl[0m[0m = "2678400s" [90m->[0m [0m[90mnull[0m[0m
        }
    }

[1m  # module.pubsub.google_pubsub_subscription_iam_member.pull_subscription_binding[0][0m will be [1m[31mdestroyed[0m[0m
[0m  [31m-[0m[0m resource "google_pubsub_subscription_iam_member" "pull_subscription_binding" {
      [31m-[0m [0m[1m[0metag[0m[0m         = "BwXtG6ka4Rw=" [90m->[0m [0m[90mnull[0m[0m
      [31m-[0m [0m[1m[0mid[0m[0m           = "projects/matthews-personal-project/subscriptions/nagheye-c2resp/roles/pubsub.subscriber/serviceAccount:service-837786017708@gcp-sa-pubsub.iam.gserviceaccount.com" [90m->[0m [0m[90mnull[0m[0m
      [31m-[0m [0m[1m[0mmember[0m[0m       = "serviceAccount:service-837786017708@gcp-sa-pubsub.iam.gserviceaccount.com" [90m->[0m [0m[90mnull[0m[0m
      [31m-[0m [0m[1m[0mproject[0m[0m      = "matthews-personal-project" [90m->[0m [0m[90mnull[0m[0m
      [31m-[0m [0m[1m[0mrole[0m[0m         = "roles/pubsub.subscriber" [90m->[0m [0m[90mnull[0m[0m
      [31m-[0m [0m[1m[0msubscription[0m[0m = "nagheye-c2resp" [90m->[0m [0m[90mnull[0m[0m
    }

[1m  # module.pubsub.google_pubsub_topic.topic[0][0m will be [1m[31mdestroyed[0m[0m
[0m  [31m-[0m[0m resource "google_pubsub_topic" "topic" {
      [31m-[0m [0m[1m[0mid[0m[0m      = "projects/matthews-personal-project/topics/nagheye" [90m->[0m [0m[90mnull[0m[0m
      [31m-[0m [0m[1m[0mlabels[0m[0m  = {
          [31m-[0m [0m"creator"   = "matthew"
          [31m-[0m [0m"ghpcfe_id" = "nagheye"
        } [90m->[0m [0m[90mnull[0m[0m
      [31m-[0m [0m[1m[0mname[0m[0m    = "nagheye" [90m->[0m [0m[90mnull[0m[0m
      [31m-[0m [0m[1m[0mproject[0m[0m = "matthews-personal-project" [90m->[0m [0m[90mnull[0m[0m
    }

[1m  # module.pubsub.google_pubsub_topic_iam_member.pull_topic_binding[0][0m will be [1m[31mdestroyed[0m[0m
[0m  [31m-[0m[0m resource "google_pubsub_topic_iam_member" "pull_topic_binding" {
      [31m-[0m [0m[1m[0metag[0m[0m    = "BwXtHDdHWCE=" [90m->[0m [0m[90mnull[0m[0m
      [31m-[0m [0m[1m[0mid[0m[0m      = "projects/matthews-personal-project/topics/nagheye/roles/pubsub.publisher/serviceAccount:service-837786017708@gcp-sa-pubsub.iam.gserviceaccount.com" [90m->[0m [0m[90mnull[0m[0m
      [31m-[0m [0m[1m[0mmember[0m[0m  = "serviceAccount:service-837786017708@gcp-sa-pubsub.iam.gserviceaccount.com" [90m->[0m [0m[90mnull[0m[0m
      [31m-[0m [0m[1m[0mproject[0m[0m = "matthews-personal-project" [90m->[0m [0m[90mnull[0m[0m
      [31m-[0m [0m[1m[0mrole[0m[0m    = "roles/pubsub.publisher" [90m->[0m [0m[90mnull[0m[0m
      [31m-[0m [0m[1m[0mtopic[0m[0m   = "projects/matthews-personal-project/topics/nagheye" [90m->[0m [0m[90mnull[0m[0m
    }

[1m  # module.service_account.google_project_iam_member.project-roles["fe-sa-matthews-personal-project=>roles/cloudtrace.agent"][0m will be [1m[31mdestroyed[0m[0m
[0m  [31m-[0m[0m resource "google_project_iam_member" "project-roles" {
      [31m-[0m [0m[1m[0metag[0m[0m    = "BwXtHGA+ve0=" [90m->[0m [0m[90mnull[0m[0m
      [31m-[0m [0m[1m[0mid[0m[0m      = "matthews-personal-project/roles/cloudtrace.agent/serviceAccount:nagheye-fe-sa@matthews-personal-project.iam.gserviceaccount.com" [90m->[0m [0m[90mnull[0m[0m
      [31m-[0m [0m[1m[0mmember[0m[0m  = "serviceAccount:nagheye-fe-sa@matthews-personal-project.iam.gserviceaccount.com" [90m->[0m [0m[90mnull[0m[0m
      [31m-[0m [0m[1m[0mproject[0m[0m = "matthews-personal-project" [90m->[0m [0m[90mnull[0m[0m
      [31m-[0m [0m[1m[0mrole[0m[0m    = "roles/cloudtrace.agent" [90m->[0m [0m[90mnull[0m[0m
    }

[1m  # module.service_account.google_project_iam_member.project-roles["fe-sa-matthews-personal-project=>roles/logging.logWriter"][0m will be [1m[31mdestroyed[0m[0m
[0m  [31m-[0m[0m resource "google_project_iam_member" "project-roles" {
      [31m-[0m [0m[1m[0metag[0m[0m    = "BwXtHGA+ve0=" [90m->[0m [0m[90mnull[0m[0m
      [31m-[0m [0m[1m[0mid[0m[0m      = "matthews-personal-project/roles/logging.logWriter/serviceAccount:nagheye-fe-sa@matthews-personal-project.iam.gserviceaccount.com" [90m->[0m [0m[90mnull[0m[0m
      [31m-[0m [0m[1m[0mmember[0m[0m  = "serviceAccount:nagheye-fe-sa@matthews-personal-project.iam.gserviceaccount.com" [90m->[0m [0m[90mnull[0m[0m
      [31m-[0m [0m[1m[0mproject[0m[0m = "matthews-personal-project" [90m->[0m [0m[90mnull[0m[0m
      [31m-[0m [0m[1m[0mrole[0m[0m    = "roles/logging.logWriter" [90m->[0m [0m[90mnull[0m[0m
    }

[1m  # module.service_account.google_project_iam_member.project-roles["fe-sa-matthews-personal-project=>roles/monitoring.metricWriter"][0m will be [1m[31mdestroyed[0m[0m
[0m  [31m-[0m[0m resource "google_project_iam_member" "project-roles" {
      [31m-[0m [0m[1m[0metag[0m[0m    = "BwXtHGA+ve0=" [90m->[0m [0m[90mnull[0m[0m
      [31m-[0m [0m[1m[0mid[0m[0m      = "matthews-personal-project/roles/monitoring.metricWriter/serviceAccount:nagheye-fe-sa@matthews-personal-project.iam.gserviceaccount.com" [90m->[0m [0m[90mnull[0m[0m
      [31m-[0m [0m[1m[0mmember[0m[0m  = "serviceAccount:nagheye-fe-sa@matthews-personal-project.iam.gserviceaccount.com" [90m->[0m [0m[90mnull[0m[0m
      [31m-[0m [0m[1m[0mproject[0m[0m = "matthews-personal-project" [90m->[0m [0m[90mnull[0m[0m
      [31m-[0m [0m[1m[0mrole[0m[0m    = "roles/monitoring.metricWriter" [90m->[0m [0m[90mnull[0m[0m
    }

[1m  # module.service_account.google_project_iam_member.project-roles["fe-sa-matthews-personal-project=>roles/pubsub.admin"][0m will be [1m[31mdestroyed[0m[0m
[0m  [31m-[0m[0m resource "google_project_iam_member" "project-roles" {
      [31m-[0m [0m[1m[0metag[0m[0m    = "BwXtHGA+ve0=" [90m->[0m [0m[90mnull[0m[0m
      [31m-[0m [0m[1m[0mid[0m[0m      = "matthews-personal-project/roles/pubsub.admin/serviceAccount:nagheye-fe-sa@matthews-personal-project.iam.gserviceaccount.com" [90m->[0m [0m[90mnull[0m[0m
      [31m-[0m [0m[1m[0mmember[0m[0m  = "serviceAccount:nagheye-fe-sa@matthews-personal-project.iam.gserviceaccount.com" [90m->[0m [0m[90mnull[0m[0m
      [31m-[0m [0m[1m[0mproject[0m[0m = "matthews-personal-project" [90m->[0m [0m[90mnull[0m[0m
      [31m-[0m [0m[1m[0mrole[0m[0m    = "roles/pubsub.admin" [90m->[0m [0m[90mnull[0m[0m
    }

[1m  # module.service_account.google_project_iam_member.project-roles["fe-sa-matthews-personal-project=>roles/storage.objectAdmin"][0m will be [1m[31mdestroyed[0m[0m
[0m  [31m-[0m[0m resource "google_project_iam_member" "project-roles" {
      [31m-[0m [0m[1m[0metag[0m[0m    = "BwXtHGA+ve0=" [90m->[0m [0m[90mnull[0m[0m
      [31m-[0m [0m[1m[0mid[0m[0m      = "matthews-personal-project/roles/storage.objectAdmin/serviceAccount:nagheye-fe-sa@matthews-personal-project.iam.gserviceaccount.com" [90m->[0m [0m[90mnull[0m[0m
      [31m-[0m [0m[1m[0mmember[0m[0m  = "serviceAccount:nagheye-fe-sa@matthews-personal-project.iam.gserviceaccount.com" [90m->[0m [0m[90mnull[0m[0m
      [31m-[0m [0m[1m[0mproject[0m[0m = "matthews-personal-project" [90m->[0m [0m[90mnull[0m[0m
      [31m-[0m [0m[1m[0mrole[0m[0m    = "roles/storage.objectAdmin" [90m->[0m [0m[90mnull[0m[0m
    }

[1m  # module.service_account.google_service_account.service_accounts["fe-sa"][0m will be [1m[31mdestroyed[0m[0m
[0m  [31m-[0m[0m resource "google_service_account" "service_accounts" {
      [31m-[0m [0m[1m[0maccount_id[0m[0m   = "nagheye-fe-sa" [90m->[0m [0m[90mnull[0m[0m
      [31m-[0m [0m[1m[0mdescription[0m[0m  = "Service Account for GHPC Open Frontend" [90m->[0m [0m[90mnull[0m[0m
      [31m-[0m [0m[1m[0mdisabled[0m[0m     = false [90m->[0m [0m[90mnull[0m[0m
      [31m-[0m [0m[1m[0mdisplay_name[0m[0m = "Terraform-managed service account" [90m->[0m [0m[90mnull[0m[0m
      [31m-[0m [0m[1m[0memail[0m[0m        = "nagheye-fe-sa@matthews-personal-project.iam.gserviceaccount.com" [90m->[0m [0m[90mnull[0m[0m
      [31m-[0m [0m[1m[0mid[0m[0m           = "projects/matthews-personal-project/serviceAccounts/nagheye-fe-sa@matthews-personal-project.iam.gserviceaccount.com" [90m->[0m [0m[90mnull[0m[0m
      [31m-[0m [0m[1m[0mname[0m[0m         = "projects/matthews-personal-project/serviceAccounts/nagheye-fe-sa@matthews-personal-project.iam.gserviceaccount.com" [90m->[0m [0m[90mnull[0m[0m
      [31m-[0m [0m[1m[0mproject[0m[0m      = "matthews-personal-project" [90m->[0m [0m[90mnull[0m[0m
      [31m-[0m [0m[1m[0munique_id[0m[0m    = "103805487209171884356" [90m->[0m [0m[90mnull[0m[0m
    }

[0m[1mPlan:[0m 0 to add, 0 to change, 22 to destroy.
[0m[0m
[1mChanges to Outputs:[0m[0m
  [31m-[0m [0m[1m[0mserver_ip[0m[0m = "34.141.236.98" [90m->[0m [0m[90mnull[0m[0m
[0m[1mnull_resource.uploader: Destroying... [id=5577006791947779410][0m[0m
[0m[1mnull_resource.uploader: Destruction complete after 0s[0m
[0m[1mmodule.network[0].google_compute_firewall.allow_ssh_rule: Destroying... [id=projects/matthews-personal-project/global/firewalls/nagheye-allow-ssh][0m[0m
[0m[1mmodule.pubsub.google_pubsub_topic_iam_member.pull_topic_binding[0]: Destroying... [id=projects/matthews-personal-project/topics/nagheye/roles/pubsub.publisher/serviceAccount:service-837786017708@gcp-sa-pubsub.iam.gserviceaccount.com][0m[0m
[0m[1mmodule.service_account.google_project_iam_member.project-roles["fe-sa-matthews-personal-project=>roles/cloudtrace.agent"]: Destroying... [id=matthews-personal-project/roles/cloudtrace.agent/serviceAccount:nagheye-fe-sa@matthews-personal-project.iam.gserviceaccount.com][0m[0m
[0m[1mgoogle_compute_instance.server_vm: Destroying... [id=projects/matthews-personal-project/zones/europe-west4-a/instances/nagheye-server][0m[0m
[0m[1mmodule.service_account.google_project_iam_member.project-roles["fe-sa-matthews-personal-project=>roles/logging.logWriter"]: Destroying... [id=matthews-personal-project/roles/logging.logWriter/serviceAccount:nagheye-fe-sa@matthews-personal-project.iam.gserviceaccount.com][0m[0m
[0m[1mmodule.service_account.google_project_iam_member.project-roles["fe-sa-matthews-personal-project=>roles/pubsub.admin"]: Destroying... [id=matthews-personal-project/roles/pubsub.admin/serviceAccount:nagheye-fe-sa@matthews-personal-project.iam.gserviceaccount.com][0m[0m
[0m[1mmodule.pubsub.google_pubsub_subscription_iam_member.pull_subscription_binding[0]: Destroying... [id=projects/matthews-personal-project/subscriptions/nagheye-c2resp/roles/pubsub.subscriber/serviceAccount:service-837786017708@gcp-sa-pubsub.iam.gserviceaccount.com][0m[0m
[0m[1mmodule.control_bucket.google_storage_bucket_iam_binding.admins["storage"]: Destroying... [id=b/nagheye-europe-west4-storage/roles/storage.objectAdmin][0m[0m
[0m[1mmodule.service_account.google_project_iam_member.project-roles["fe-sa-matthews-personal-project=>roles/storage.objectAdmin"]: Destroying... [id=matthews-personal-project/roles/storage.objectAdmin/serviceAccount:nagheye-fe-sa@matthews-personal-project.iam.gserviceaccount.com][0m[0m
[0m[1mmodule.control_bucket.google_storage_bucket_iam_binding.storage_admins["storage"]: Destroying... [id=b/nagheye-europe-west4-storage/roles/storage.admin][0m[0m
[0m[1mmodule.control_bucket.google_storage_bucket_iam_binding.storage_admins["storage"]: Destruction complete after 5s[0m
[0m[1mmodule.network[0].google_compute_firewall.allow_https_rule: Destroying... [id=projects/matthews-personal-project/global/firewalls/nagheye-allow-https][0m[0m
[0m[1mmodule.pubsub.google_pubsub_topic_iam_member.pull_topic_binding[0]: Destruction complete after 6s[0m
[0m[1mgoogle_storage_bucket_object.deployment_file[0]: Destroying... [id=nagheye-europe-west4-storage-webserver/deployment.tar.gz][0m[0m
[0m[1mgoogle_storage_bucket_object.deployment_file[0]: Destruction complete after 0s[0m
[0m[1mmodule.service_account.google_project_iam_member.project-roles["fe-sa-matthews-personal-project=>roles/monitoring.metricWriter"]: Destroying... [id=matthews-personal-project/roles/monitoring.metricWriter/serviceAccount:nagheye-fe-sa@matthews-personal-project.iam.gserviceaccount.com][0m[0m
[0m[1mmodule.pubsub.google_pubsub_subscription_iam_member.pull_subscription_binding[0]: Destruction complete after 6s[0m
[0m[1mmodule.network[0].google_compute_firewall.allow_http_rule: Destroying... [id=projects/matthews-personal-project/global/firewalls/nagheye-allow-http][0m[0m
[0m[1mmodule.service_account.google_project_iam_member.project-roles["fe-sa-matthews-personal-project=>roles/storage.objectAdmin"]: Destruction complete after 8s[0m
[0m[1mmodule.pubsub.google_pubsub_subscription.pull_subscriptions[0]: Destroying... [id=projects/matthews-personal-project/subscriptions/nagheye-c2resp][0m[0m
[0m[1mmodule.service_account.google_project_iam_member.project-roles["fe-sa-matthews-personal-project=>roles/cloudtrace.agent"]: Destruction complete after 9s[0m
[0m[1mmodule.control_bucket.google_storage_bucket_iam_binding.admins["storage"]: Destruction complete after 9s[0m
[0m[1mmodule.service_account.google_project_iam_member.project-roles["fe-sa-matthews-personal-project=>roles/logging.logWriter"]: Destruction complete after 9s[0m
[0m[1mmodule.service_account.google_project_iam_member.project-roles["fe-sa-matthews-personal-project=>roles/pubsub.admin"]: Destruction complete after 9s[0m
[0m[1mmodule.network[0].google_compute_firewall.allow_ssh_rule: Still destroying... [id=projects/matthews-personal-project/global/firewalls/nagheye-allow-ssh, 10s elapsed][0m[0m
[0m[1mgoogle_compute_instance.server_vm: Still destroying... [id=projects/matthews-personal-project/zones/europe-west4-a/instances/nagheye-server, 10s elapsed][0m[0m
[0m[1mmodule.pubsub.google_pubsub_subscription.pull_subscriptions[0]: Destruction complete after 2s[0m
[0m[1mmodule.network[0].google_compute_firewall.allow_ssh_rule: Destruction complete after 12s[0m
[0m[1mmodule.service_account.google_project_iam_member.project-roles["fe-sa-matthews-personal-project=>roles/monitoring.metricWriter"]: Destruction complete after 8s[0m
[0m[1mmodule.network[0].google_compute_firewall.allow_https_rule: Still destroying... [id=projects/matthews-personal-project/global/firewalls/nagheye-allow-https, 10s elapsed][0m[0m
[0m[1mmodule.network[0].google_compute_firewall.allow_https_rule: Destruction complete after 11s[0m
[0m[1mmodule.network[0].google_compute_firewall.allow_http_rule: Still destroying... [id=projects/matthews-personal-project/global/firewalls/nagheye-allow-http, 10s elapsed][0m[0m
[0m[1mmodule.network[0].google_compute_firewall.allow_http_rule: Destruction complete after 11s[0m
[0m[1mgoogle_compute_instance.server_vm: Still destroying... [id=projects/matthews-personal-project/zones/europe-west4-a/instances/nagheye-server, 20s elapsed][0m[0m
[0m[1mgoogle_compute_instance.server_vm: Destruction complete after 21s[0m
[0m[1mmodule.service_account.google_service_account.service_accounts["fe-sa"]: Destroying... [id=projects/matthews-personal-project/serviceAccounts/nagheye-fe-sa@matthews-personal-project.iam.gserviceaccount.com][0m[0m
[0m[1mmodule.network[0].google_compute_subnetwork.hosting_subnetwork: Destroying... [id=projects/matthews-personal-project/regions/europe-west4/subnetworks/nagheye-subnetwork][0m[0m
[0m[1mmodule.control_bucket.google_storage_bucket.buckets["storage"]: Destroying... [id=nagheye-europe-west4-storage][0m[0m
[0m[1mmodule.pubsub.google_pubsub_topic.topic[0]: Destroying... [id=projects/matthews-personal-project/topics/nagheye][0m[0m
[0m[1mmodule.service_account.google_service_account.service_accounts["fe-sa"]: Destruction complete after 0s[0m
[0m[1mmodule.pubsub.google_pubsub_topic.topic[0]: Destruction complete after 2s[0m
[0m[1mmodule.control_bucket.google_storage_bucket.buckets["storage"]: Destruction complete after 3s[0m
[0m[1mmodule.control_bucket.random_id.bucket_suffix: Destroying... [id=0iY][0m[0m
[0m[1mmodule.control_bucket.random_id.bucket_suffix: Destruction complete after 0s[0m
[0m[1mmodule.network[0].google_compute_subnetwork.hosting_subnetwork: Still destroying... [id=projects/matthews-personal-project/regi...e-west4/subnetworks/nagheye-subnetwork, 10s elapsed][0m[0m
[0m[1mmodule.network[0].google_compute_subnetwork.hosting_subnetwork: Still destroying... [id=projects/matthews-personal-project/regi...e-west4/subnetworks/nagheye-subnetwork, 20s elapsed][0m[0m
[0m[1mmodule.network[0].google_compute_subnetwork.hosting_subnetwork: Destruction complete after 21s[0m
[0m[1mmodule.network[0].google_compute_network.hosting_vpc: Destroying... [id=projects/matthews-personal-project/global/networks/nagheye-network][0m[0m
[0m[1mmodule.network[0].google_compute_network.hosting_vpc: Still destroying... [id=projects/matthews-personal-project/global/networks/nagheye-network, 10s elapsed][0m[0m
[0m[1mmodule.network[0].google_compute_network.hosting_vpc: Still destroying... [id=projects/matthews-personal-project/global/networks/nagheye-network, 20s elapsed][0m[0m
[0m[1mmodule.network[0].google_compute_network.hosting_vpc: Destruction complete after 21s[0m
[0m[1m[32m
Destroy complete! Resources: 22 destroyed.
[0m
